<?xml version="1.0" encoding="UTF-8"?>
<!-- Generated by org.testng.reporters.JUnitReportReporter -->
<testsuite hostname="DESKTOP-VG2BT5E" failures="0" tests="1" name="First.HomePage" time="8.371" errors="0" timestamp="2023-12-31T15:18:54 PKT" skipped="0">
  <testcase classname="First.HomePage" name="basePageNavigation" time="8.371"/>
  <system-out/>
</testsuite> <!-- First.HomePage -->
