<?xml version="1.0" encoding="UTF-8"?>
<!-- Generated by org.testng.reporters.JUnitReportReporter -->
<testsuite hostname="DESKTOP-VG2BT5E" failures="0" tests="1" name="First.AddToCard" time="9.645" errors="0" timestamp="2024-01-05T18:29:32 PKT" skipped="0">
  <testcase classname="First.AddToCard" name="Add_Item_into_Card" time="9.645"/>
  <system-out/>
</testsuite> <!-- First.AddToCard -->
