<?xml version="1.0" encoding="UTF-8"?>
<!-- Generated by org.testng.reporters.JUnitReportReporter -->
<testsuite hostname="DESKTOP-VG2BT5E" failures="0" tests="3" name="First.LoginPage" time="1.193" errors="0" timestamp="2024-01-03T00:42:03 PKT" skipped="0">
  <testcase classname="First.LoginPage" name="basePageNavigation" time="0.050"/>
  <system-out/>
  <testcase classname="First.LoginPage" name="Verify_Page_Header_Text" time="0.341"/>
  <system-out/>
  <testcase classname="First.LoginPage" name="Login_With_ValidData" time="0.802"/>
  <system-out/>
</testsuite> <!-- First.LoginPage -->
