<?xml version="1.0" encoding="UTF-8"?>
<!-- Generated by org.testng.reporters.JUnitReportReporter -->
<testsuite hostname="DESKTOP-VG2BT5E" failures="0" tests="5" name="First.DataDrivenTestingofLoginPage" time="11.174" errors="0" timestamp="2024-01-03T00:42:03 PKT" skipped="0">
  <testcase classname="First.DataDrivenTestingofLoginPage" name="Login_With_All_users_And_verifyLogin_functionalitya" time="0.930"/>
  <system-out/>
  <testcase classname="First.DataDrivenTestingofLoginPage" name="Login_With_All_users_And_verifyLogin_functionalitya" time="5.873"/>
  <system-out/>
  <testcase classname="First.DataDrivenTestingofLoginPage" name="Login_With_All_users_And_verifyLogin_functionalitya" time="2.687"/>
  <system-out/>
  <testcase classname="First.DataDrivenTestingofLoginPage" name="Login_With_All_users_And_verifyLogin_functionalitya" time="0.907"/>
  <system-out/>
  <testcase classname="First.DataDrivenTestingofLoginPage" name="Login_With_All_users_And_verifyLogin_functionalitya" time="0.777"/>
  <system-out/>
</testsuite> <!-- First.DataDrivenTestingofLoginPage -->
